D:\FFXIV\FFXIVBORDERER\CONFIG\DEBUG\.NETFRAMEWORK,VERSION=V4.0.ASSEMBLYATTRIBUTES.OBJ
D:\FFXIV\FFXIVBORDERER\CONFIG\DEBUG\APP.RES
D:\FFXIV\FFXIVBORDERER\CONFIG\DEBUG\ASSEMBLYINFO.OBJ
D:\FFXIV\FFXIVBorderer\Config\Debug\cl.command.1.tlog
D:\FFXIV\FFXIVBorderer\Config\Debug\CL.read.1.tlog
D:\FFXIV\FFXIVBorderer\Config\Debug\CL.write.1.tlog
D:\FFXIV\FFXIVBORDERER\CONFIG\DEBUG\CONFIG.EXE.INTERMEDIATE.MANIFEST
D:\FFXIV\FFXIVBORDERER\CONFIG\DEBUG\CONFIG.FORM1.RESOURCES
D:\FFXIV\FFXIVBORDERER\CONFIG\DEBUG\CONFIG.OBJ
D:\FFXIV\FFXIVBORDERER\CONFIG\DEBUG\CONFIG.PCH
D:\FFXIV\FFXIVBorderer\Config\Debug\Config.write.1.tlog
D:\FFXIV\FFXIVBorderer\Config\Debug\GenerateResource.read.1.tlog
D:\FFXIV\FFXIVBorderer\Config\Debug\GenerateResource.read.28.tlog
D:\FFXIV\FFXIVBorderer\Config\Debug\GenerateResource.read.9.tlog
D:\FFXIV\FFXIVBorderer\Config\Debug\GenerateResource.write.1.tlog
D:\FFXIV\FFXIVBorderer\Config\Debug\GenerateResource.write.28.tlog
D:\FFXIV\FFXIVBorderer\Config\Debug\GenerateResource.write.9.tlog
D:\FFXIV\FFXIVBorderer\Config\Debug\link.2452.read.1.tlog
D:\FFXIV\FFXIVBorderer\Config\Debug\link.2452.write.1.tlog
D:\FFXIV\FFXIVBorderer\Config\Debug\link.2452-cvtres.read.1.tlog
D:\FFXIV\FFXIVBorderer\Config\Debug\link.2452-cvtres.write.1.tlog
D:\FFXIV\FFXIVBorderer\Config\Debug\link.4568.read.1.tlog
D:\FFXIV\FFXIVBorderer\Config\Debug\link.4568.write.1.tlog
D:\FFXIV\FFXIVBorderer\Config\Debug\link.4568-cvtres.read.1.tlog
D:\FFXIV\FFXIVBorderer\Config\Debug\link.4568-cvtres.write.1.tlog
D:\FFXIV\FFXIVBorderer\Config\Debug\link.6584.read.1.tlog
D:\FFXIV\FFXIVBorderer\Config\Debug\link.6584.write.1.tlog
D:\FFXIV\FFXIVBorderer\Config\Debug\link.6584-cvtres.read.1.tlog
D:\FFXIV\FFXIVBorderer\Config\Debug\link.6584-cvtres.write.1.tlog
D:\FFXIV\FFXIVBorderer\Config\Debug\link.6636.read.1.tlog
D:\FFXIV\FFXIVBorderer\Config\Debug\link.6636.write.1.tlog
D:\FFXIV\FFXIVBorderer\Config\Debug\link.6636-cvtres.read.1.tlog
D:\FFXIV\FFXIVBorderer\Config\Debug\link.6636-cvtres.write.1.tlog
D:\FFXIV\FFXIVBorderer\Config\Debug\link.command.1.tlog
D:\FFXIV\FFXIVBorderer\Config\Debug\link.read.1.tlog
D:\FFXIV\FFXIVBorderer\Config\Debug\link.write.1.tlog
D:\FFXIV\FFXIVBorderer\Config\Debug\mt.command.1.tlog
D:\FFXIV\FFXIVBorderer\Config\Debug\mt.read.1.tlog
D:\FFXIV\FFXIVBorderer\Config\Debug\mt.write.1.tlog
D:\FFXIV\FFXIVBorderer\Config\Debug\rc.command.1.tlog
D:\FFXIV\FFXIVBorderer\Config\Debug\rc.read.1.tlog
D:\FFXIV\FFXIVBorderer\Config\Debug\rc.write.1.tlog
D:\FFXIV\FFXIVBORDERER\CONFIG\DEBUG\STDAFX.OBJ
D:\FFXIV\FFXIVBORDERER\CONFIG\DEBUG\VC100.PDB
D:\FFXIV\FFXIVBORDERER\DEBUG\CONFIG.EXE
D:\FFXIV\FFXIVBORDERER\DEBUG\CONFIG.ILK
D:\FFXIV\FFXIVBORDERER\DEBUG\CONFIG.PDB
