D:\FFXIV\FFXIVBORDERER\DEBUG\LAUNCHER.EXE
D:\FFXIV\FFXIVBORDERER\DEBUG\LAUNCHER.ILK
D:\FFXIV\FFXIVBORDERER\DEBUG\LAUNCHER.PDB
D:\FFXIV\FFXIVBORDERER\LAUNCHER\DEBUG\.NETFRAMEWORK,VERSION=V4.0.ASSEMBLYATTRIBUTES.OBJ
D:\FFXIV\FFXIVBORDERER\LAUNCHER\DEBUG\ASSEMBLYINFO.OBJ
D:\FFXIV\FFXIVBorderer\Launcher\Debug\cl.command.1.tlog
D:\FFXIV\FFXIVBorderer\Launcher\Debug\CL.read.1.tlog
D:\FFXIV\FFXIVBorderer\Launcher\Debug\CL.write.1.tlog
D:\FFXIV\FFXIVBORDERER\LAUNCHER\DEBUG\LAUNCHER.EXE.INTERMEDIATE.MANIFEST
D:\FFXIV\FFXIVBORDERER\LAUNCHER\DEBUG\LAUNCHER.OBJ
D:\FFXIV\FFXIVBORDERER\LAUNCHER\DEBUG\LAUNCHER.PCH
D:\FFXIV\FFXIVBORDERER\LAUNCHER\DEBUG\LAUNCHER.RES
D:\FFXIV\FFXIVBorderer\Launcher\Debug\link.1196.read.1.tlog
D:\FFXIV\FFXIVBorderer\Launcher\Debug\link.1196.write.1.tlog
D:\FFXIV\FFXIVBorderer\Launcher\Debug\link.1196-cvtres.read.1.tlog
D:\FFXIV\FFXIVBorderer\Launcher\Debug\link.1196-cvtres.write.1.tlog
D:\FFXIV\FFXIVBorderer\Launcher\Debug\link.1236.read.1.tlog
D:\FFXIV\FFXIVBorderer\Launcher\Debug\link.1236.write.1.tlog
D:\FFXIV\FFXIVBorderer\Launcher\Debug\link.1236-cvtres.read.1.tlog
D:\FFXIV\FFXIVBorderer\Launcher\Debug\link.1236-cvtres.write.1.tlog
D:\FFXIV\FFXIVBorderer\Launcher\Debug\link.1704.read.1.tlog
D:\FFXIV\FFXIVBorderer\Launcher\Debug\link.1704.write.1.tlog
D:\FFXIV\FFXIVBorderer\Launcher\Debug\link.1704-cvtres.read.1.tlog
D:\FFXIV\FFXIVBorderer\Launcher\Debug\link.1704-cvtres.write.1.tlog
D:\FFXIV\FFXIVBorderer\Launcher\Debug\link.3308.read.1.tlog
D:\FFXIV\FFXIVBorderer\Launcher\Debug\link.3308.write.1.tlog
D:\FFXIV\FFXIVBorderer\Launcher\Debug\link.3308-cvtres.read.1.tlog
D:\FFXIV\FFXIVBorderer\Launcher\Debug\link.3308-cvtres.write.1.tlog
D:\FFXIV\FFXIVBorderer\Launcher\Debug\link.3484.read.1.tlog
D:\FFXIV\FFXIVBorderer\Launcher\Debug\link.3484.write.1.tlog
D:\FFXIV\FFXIVBorderer\Launcher\Debug\link.3484-cvtres.read.1.tlog
D:\FFXIV\FFXIVBorderer\Launcher\Debug\link.3484-cvtres.write.1.tlog
D:\FFXIV\FFXIVBorderer\Launcher\Debug\link.4364.read.1.tlog
D:\FFXIV\FFXIVBorderer\Launcher\Debug\link.4364.write.1.tlog
D:\FFXIV\FFXIVBorderer\Launcher\Debug\link.4364-cvtres.read.1.tlog
D:\FFXIV\FFXIVBorderer\Launcher\Debug\link.4364-cvtres.write.1.tlog
D:\FFXIV\FFXIVBorderer\Launcher\Debug\link.4636.read.1.tlog
D:\FFXIV\FFXIVBorderer\Launcher\Debug\link.4636.write.1.tlog
D:\FFXIV\FFXIVBorderer\Launcher\Debug\link.4636-cvtres.read.1.tlog
D:\FFXIV\FFXIVBorderer\Launcher\Debug\link.4636-cvtres.write.1.tlog
D:\FFXIV\FFXIVBorderer\Launcher\Debug\link.4760.read.1.tlog
D:\FFXIV\FFXIVBorderer\Launcher\Debug\link.4760.write.1.tlog
D:\FFXIV\FFXIVBorderer\Launcher\Debug\link.4760-cvtres.read.1.tlog
D:\FFXIV\FFXIVBorderer\Launcher\Debug\link.4760-cvtres.write.1.tlog
D:\FFXIV\FFXIVBorderer\Launcher\Debug\link.5616.read.1.tlog
D:\FFXIV\FFXIVBorderer\Launcher\Debug\link.5616.write.1.tlog
D:\FFXIV\FFXIVBorderer\Launcher\Debug\link.5616-cvtres.read.1.tlog
D:\FFXIV\FFXIVBorderer\Launcher\Debug\link.5616-cvtres.write.1.tlog
D:\FFXIV\FFXIVBorderer\Launcher\Debug\link.5644.read.1.tlog
D:\FFXIV\FFXIVBorderer\Launcher\Debug\link.5644.write.1.tlog
D:\FFXIV\FFXIVBorderer\Launcher\Debug\link.5644-cvtres.read.1.tlog
D:\FFXIV\FFXIVBorderer\Launcher\Debug\link.5644-cvtres.write.1.tlog
D:\FFXIV\FFXIVBorderer\Launcher\Debug\link.6096.read.1.tlog
D:\FFXIV\FFXIVBorderer\Launcher\Debug\link.6096.write.1.tlog
D:\FFXIV\FFXIVBorderer\Launcher\Debug\link.6096-cvtres.read.1.tlog
D:\FFXIV\FFXIVBorderer\Launcher\Debug\link.6096-cvtres.write.1.tlog
D:\FFXIV\FFXIVBorderer\Launcher\Debug\link.6516.read.1.tlog
D:\FFXIV\FFXIVBorderer\Launcher\Debug\link.6516.write.1.tlog
D:\FFXIV\FFXIVBorderer\Launcher\Debug\link.6516-cvtres.read.1.tlog
D:\FFXIV\FFXIVBorderer\Launcher\Debug\link.6516-cvtres.write.1.tlog
D:\FFXIV\FFXIVBorderer\Launcher\Debug\link.6656.read.1.tlog
D:\FFXIV\FFXIVBorderer\Launcher\Debug\link.6656.write.1.tlog
D:\FFXIV\FFXIVBorderer\Launcher\Debug\link.6656-cvtres.read.1.tlog
D:\FFXIV\FFXIVBorderer\Launcher\Debug\link.6656-cvtres.write.1.tlog
D:\FFXIV\FFXIVBorderer\Launcher\Debug\link.7104.read.1.tlog
D:\FFXIV\FFXIVBorderer\Launcher\Debug\link.7104.write.1.tlog
D:\FFXIV\FFXIVBorderer\Launcher\Debug\link.7104-cvtres.read.1.tlog
D:\FFXIV\FFXIVBorderer\Launcher\Debug\link.7104-cvtres.write.1.tlog
D:\FFXIV\FFXIVBorderer\Launcher\Debug\link.command.1.tlog
D:\FFXIV\FFXIVBorderer\Launcher\Debug\link.read.1.tlog
D:\FFXIV\FFXIVBorderer\Launcher\Debug\link.write.1.tlog
D:\FFXIV\FFXIVBORDERER\LAUNCHER\DEBUG\MAIN.OBJ
D:\FFXIV\FFXIVBorderer\Launcher\Debug\mt.command.1.tlog
D:\FFXIV\FFXIVBorderer\Launcher\Debug\mt.read.1.tlog
D:\FFXIV\FFXIVBorderer\Launcher\Debug\mt.write.1.tlog
D:\FFXIV\FFXIVBorderer\Launcher\Debug\rc.command.1.tlog
D:\FFXIV\FFXIVBorderer\Launcher\Debug\rc.read.1.tlog
D:\FFXIV\FFXIVBorderer\Launcher\Debug\rc.write.1.tlog
D:\FFXIV\FFXIVBORDERER\LAUNCHER\DEBUG\STDAFX.OBJ
D:\FFXIV\FFXIVBORDERER\LAUNCHER\DEBUG\VC100.PDB
