D:\FFXIV\FFXIVBORDERER\CONFIG\RELEASE\.NETFRAMEWORK,VERSION=V4.0.ASSEMBLYATTRIBUTES.OBJ
D:\FFXIV\FFXIVBORDERER\CONFIG\RELEASE\APP.RES
D:\FFXIV\FFXIVBORDERER\CONFIG\RELEASE\ASSEMBLYINFO.OBJ
D:\FFXIV\FFXIVBorderer\Config\Release\cl.command.1.tlog
D:\FFXIV\FFXIVBorderer\Config\Release\CL.read.1.tlog
D:\FFXIV\FFXIVBorderer\Config\Release\CL.write.1.tlog
D:\FFXIV\FFXIVBORDERER\CONFIG\RELEASE\CONFIG.EXE.INTERMEDIATE.MANIFEST
D:\FFXIV\FFXIVBORDERER\CONFIG\RELEASE\CONFIG.FORM1.RESOURCES
D:\FFXIV\FFXIVBORDERER\CONFIG\RELEASE\CONFIG.OBJ
D:\FFXIV\FFXIVBORDERER\CONFIG\RELEASE\CONFIG.PCH
D:\FFXIV\FFXIVBorderer\Config\Release\Config.write.1.tlog
D:\FFXIV\FFXIVBorderer\Config\Release\GenerateResource.read.1.tlog
D:\FFXIV\FFXIVBorderer\Config\Release\GenerateResource.write.1.tlog
D:\FFXIV\FFXIVBorderer\Config\Release\link.command.1.tlog
D:\FFXIV\FFXIVBorderer\Config\Release\link.read.1.tlog
D:\FFXIV\FFXIVBorderer\Config\Release\link.write.1.tlog
D:\FFXIV\FFXIVBorderer\Config\Release\link-cvtres.read.1.tlog
D:\FFXIV\FFXIVBorderer\Config\Release\link-cvtres.write.1.tlog
D:\FFXIV\FFXIVBorderer\Config\Release\mt.command.1.tlog
D:\FFXIV\FFXIVBorderer\Config\Release\mt.read.1.tlog
D:\FFXIV\FFXIVBorderer\Config\Release\mt.write.1.tlog
D:\FFXIV\FFXIVBorderer\Config\Release\rc.command.1.tlog
D:\FFXIV\FFXIVBorderer\Config\Release\rc.read.1.tlog
D:\FFXIV\FFXIVBorderer\Config\Release\rc.write.1.tlog
D:\FFXIV\FFXIVBORDERER\CONFIG\RELEASE\STDAFX.OBJ
D:\FFXIV\FFXIVBORDERER\CONFIG\RELEASE\VC100.PDB
D:\FFXIV\FFXIVBORDERER\RELEASE\CONFIG.EXE
D:\FFXIV\FFXIVBORDERER\RELEASE\CONFIG.PDB
