D:\FFXIV\FFXIVBORDERER\LAUNCHER\RELEASE\.NETFRAMEWORK,VERSION=V4.0.ASSEMBLYATTRIBUTES.OBJ
D:\FFXIV\FFXIVBORDERER\LAUNCHER\RELEASE\ASSEMBLYINFO.OBJ
D:\FFXIV\FFXIVBorderer\Launcher\Release\cl.command.1.tlog
D:\FFXIV\FFXIVBorderer\Launcher\Release\CL.read.1.tlog
D:\FFXIV\FFXIVBorderer\Launcher\Release\CL.write.1.tlog
D:\FFXIV\FFXIVBORDERER\LAUNCHER\RELEASE\INJECT.OBJ
D:\FFXIV\FFXIVBORDERER\LAUNCHER\RELEASE\LAUNCHER.EXE.INTERMEDIATE.MANIFEST
D:\FFXIV\FFXIVBORDERER\LAUNCHER\RELEASE\LAUNCHER.OBJ
D:\FFXIV\FFXIVBORDERER\LAUNCHER\RELEASE\LAUNCHER.PCH
D:\FFXIV\FFXIVBORDERER\LAUNCHER\RELEASE\LAUNCHER.RES
D:\FFXIV\FFXIVBorderer\Launcher\Release\link.command.1.tlog
D:\FFXIV\FFXIVBorderer\Launcher\Release\link.read.1.tlog
D:\FFXIV\FFXIVBorderer\Launcher\Release\link.write.1.tlog
D:\FFXIV\FFXIVBorderer\Launcher\Release\link-cvtres.read.1.tlog
D:\FFXIV\FFXIVBorderer\Launcher\Release\link-cvtres.write.1.tlog
D:\FFXIV\FFXIVBORDERER\LAUNCHER\RELEASE\MAIN.OBJ
D:\FFXIV\FFXIVBorderer\Launcher\Release\mt.command.1.tlog
D:\FFXIV\FFXIVBorderer\Launcher\Release\mt.read.1.tlog
D:\FFXIV\FFXIVBorderer\Launcher\Release\mt.write.1.tlog
D:\FFXIV\FFXIVBorderer\Launcher\Release\rc.command.1.tlog
D:\FFXIV\FFXIVBorderer\Launcher\Release\rc.read.1.tlog
D:\FFXIV\FFXIVBorderer\Launcher\Release\rc.write.1.tlog
D:\FFXIV\FFXIVBORDERER\LAUNCHER\RELEASE\STDAFX.OBJ
D:\FFXIV\FFXIVBORDERER\LAUNCHER\RELEASE\VC100.PDB
D:\FFXIV\FFXIVBORDERER\RELEASE\LAUNCHER.EXE
D:\FFXIV\FFXIVBORDERER\RELEASE\LAUNCHER.PDB
